<?xml version="1.0" encoding="UTF-8"?>
<!-- Generated by org.testng.reporters.JUnitXMLReporter -->
<testsuite ignored="1" hostname="satyanarayana" failures="0" tests="1" name="Error Validations Test" time="10.133" errors="0" timestamp="2023-08-02T14:27:44 IST">
  <testcase classname="alekhyaAcademy.tests.ErrorValidationsTest" name="loginErrorValidation" time="0.0">
    <skipped/>
  </testcase> <!-- loginErrorValidation -->
  <testcase classname="alekhyaAcademy.tests.ErrorValidationsTest" name="productErrorValidation" time="0.0">
    <ignored/>
  </testcase> <!-- productErrorValidation -->
</testsuite> <!-- Error Validations Test -->
